<?xml version="1.0" encoding="UTF-8"?>
<coverage generated="1753921516930" clover="3.2.0">
  <project timestamp="1753921516930" name="All files">
    <metrics statements="4" coveredstatements="4" conditionals="6" coveredconditionals="6" methods="1" coveredmethods="1" elements="11" coveredelements="11" complexity="0" loc="4" ncloc="4" packages="1" files="1" classes="1"/>
    <file name="suma.ts" path="/Users/alex/Documents/GitHub/user-api/src/utils/suma.ts">
      <metrics statements="4" coveredstatements="4" conditionals="6" coveredconditionals="6" methods="1" coveredmethods="1"/>
      <line num="1" count="1" type="stmt"/>
      <line num="3" count="4" type="cond" truecount="6" falsecount="0"/>
      <line num="4" count="2" type="stmt"/>
      <line num="7" count="2" type="stmt"/>
    </file>
  </project>
</coverage>
