{"/Users/alex/Documents/GitHub/user-api/src/utils/suma.ts": {"path":"/Users/alex/Documents/GitHub/user-api/src/utils/suma.ts","statementMap":{"0":{"start":{"line":1,"column":0},"end":{"line":1,"column":16}},"1":{"start":{"line":3,"column":2},"end":{"line":5,"column":3}},"2":{"start":{"line":4,"column":4},"end":{"line":4,"column":41}},"3":{"start":{"line":7,"column":2},"end":{"line":7,"column":15}}},"fnMap":{"0":{"name":"suma","decl":{"start":{"line":1,"column":16},"end":{"line":1,"column":20}},"loc":{"start":{"line":1,"column":41},"end":{"line":8,"column":1}}}},"branchMap":{"0":{"loc":{"start":{"line":3,"column":2},"end":{"line":5,"column":3}},"type":"if","locations":[{"start":{"line":3,"column":2},"end":{"line":5,"column":3}},{"start":{},"end":{}}]},"1":{"loc":{"start":{"line":3,"column":6},"end":{"line":3,"column":76}},"type":"binary-expr","locations":[{"start":{"line":3,"column":6},"end":{"line":3,"column":27}},{"start":{"line":3,"column":31},"end":{"line":3,"column":52}},{"start":{"line":3,"column":56},"end":{"line":3,"column":64}},{"start":{"line":3,"column":68},"end":{"line":3,"column":76}}]}},"s":{"0":1,"1":4,"2":2,"3":2},"f":{"0":4},"b":{"0":[2,2],"1":[4,3,2,2]}}
}
