{"/Users/alex/Documents/GitHub/user-api/src/errors/AppError.ts": {"path":"/Users/alex/Documents/GitHub/user-api/src/errors/AppError.ts","statementMap":{"0":{"start":{"line":6,"column":8},"end":{"line":6,"column":23}},"1":{"start":{"line":7,"column":8},"end":{"line":7,"column":37}},"2":{"start":{"line":8,"column":8},"end":{"line":8,"column":43}},"3":{"start":{"line":9,"column":8},"end":{"line":9,"column":56}},"4":{"start":{"line":1,"column":0},"end":{"line":1,"column":13}}},"fnMap":{"0":{"name":"(anonymous_0)","decl":{"start":{"line":5,"column":4},"end":{"line":5,"column":16}},"loc":{"start":{"line":5,"column":73},"end":{"line":10,"column":5}}}},"branchMap":{"0":{"loc":{"start":{"line":5,"column":53},"end":{"line":5,"column":73}},"type":"default-arg","locations":[{"start":{"line":5,"column":69},"end":{"line":5,"column":73}}]}},"s":{"0":1,"1":1,"2":1,"3":1,"4":1},"f":{"0":1},"b":{"0":[1]}}
,"/Users/alex/Documents/GitHub/user-api/src/services/auth.service.ts": {"path":"/Users/alex/Documents/GitHub/user-api/src/services/auth.service.ts","statementMap":{"0":{"start":{"line":1,"column":0},"end":{"line":1,"column":28}},"1":{"start":{"line":2,"column":0},"end":{"line":2,"column":39}},"2":{"start":{"line":3,"column":0},"end":{"line":3,"column":41}},"3":{"start":{"line":4,"column":0},"end":{"line":4,"column":38}},"4":{"start":{"line":5,"column":0},"end":{"line":5,"column":46}},"5":{"start":{"line":19,"column":69},"end":{"line":19,"column":73}},"6":{"start":{"line":20,"column":17},"end":{"line":20,"column":48}},"7":{"start":{"line":21,"column":17},"end":{"line":30,"column":6}},"8":{"start":{"line":31,"column":4},"end":{"line":31,"column":55}},"9":{"start":{"line":35,"column":17},"end":{"line":35,"column":67}},"10":{"start":{"line":36,"column":4},"end":{"line":36,"column":109}},"11":{"start":{"line":36,"column":67},"end":{"line":36,"column":109}},"12":{"start":{"line":37,"column":4},"end":{"line":37,"column":132}},"13":{"start":{"line":16,"column":0},"end":{"line":16,"column":13}}},"fnMap":{"0":{"name":"(anonymous_1)","decl":{"start":{"line":18,"column":2},"end":{"line":18,"column":8}},"loc":{"start":{"line":18,"column":42},"end":{"line":32,"column":3}}},"1":{"name":"(anonymous_2)","decl":{"start":{"line":34,"column":2},"end":{"line":34,"column":8}},"loc":{"start":{"line":34,"column":52},"end":{"line":38,"column":3}}}},"branchMap":{"0":{"loc":{"start":{"line":19,"column":35},"end":{"line":19,"column":51}},"type":"default-arg","locations":[{"start":{"line":19,"column":42},"end":{"line":19,"column":51}}]},"1":{"loc":{"start":{"line":36,"column":4},"end":{"line":36,"column":109}},"type":"if","locations":[{"start":{"line":36,"column":4},"end":{"line":36,"column":109}},{"start":{},"end":{}}]},"2":{"loc":{"start":{"line":36,"column":8},"end":{"line":36,"column":65}},"type":"binary-expr","locations":[{"start":{"line":36,"column":8},"end":{"line":36,"column":13}},{"start":{"line":36,"column":17},"end":{"line":36,"column":65}}]}},"s":{"0":1,"1":1,"2":1,"3":1,"4":1,"5":1,"6":1,"7":1,"8":1,"9":2,"10":2,"11":1,"12":1,"13":1},"f":{"0":1,"1":2},"b":{"0":[1],"1":[1,1],"2":[2,2]}}
,"/Users/alex/Documents/GitHub/user-api/src/utils/suma.ts": {"path":"/Users/alex/Documents/GitHub/user-api/src/utils/suma.ts","statementMap":{"0":{"start":{"line":1,"column":0},"end":{"line":1,"column":16}},"1":{"start":{"line":3,"column":2},"end":{"line":5,"column":3}},"2":{"start":{"line":4,"column":4},"end":{"line":4,"column":41}},"3":{"start":{"line":7,"column":2},"end":{"line":7,"column":15}}},"fnMap":{"0":{"name":"suma","decl":{"start":{"line":1,"column":16},"end":{"line":1,"column":20}},"loc":{"start":{"line":1,"column":41},"end":{"line":8,"column":1}}}},"branchMap":{"0":{"loc":{"start":{"line":3,"column":2},"end":{"line":5,"column":3}},"type":"if","locations":[{"start":{"line":3,"column":2},"end":{"line":5,"column":3}},{"start":{},"end":{}}]},"1":{"loc":{"start":{"line":3,"column":6},"end":{"line":3,"column":76}},"type":"binary-expr","locations":[{"start":{"line":3,"column":6},"end":{"line":3,"column":27}},{"start":{"line":3,"column":31},"end":{"line":3,"column":52}},{"start":{"line":3,"column":56},"end":{"line":3,"column":64}},{"start":{"line":3,"column":68},"end":{"line":3,"column":76}}]}},"s":{"0":1,"1":4,"2":2,"3":2},"f":{"0":4},"b":{"0":[2,2],"1":[4,3,2,2]}}
}
