TN:
SF:src/errors/AppError.ts
FN:5,(anonymous_0)
FNF:1
FNH:1
FNDA:1,(anonymous_0)
DA:1,1
DA:6,1
DA:7,1
DA:8,1
DA:9,1
LF:5
LH:5
BRDA:5,0,0,1
BRF:1
BRH:1
end_of_record
TN:
SF:src/services/auth.service.ts
FN:18,(anonymous_1)
FN:34,(anonymous_2)
FNF:2
FNH:2
FNDA:1,(anonymous_1)
FNDA:2,(anonymous_2)
DA:1,1
DA:2,1
DA:3,1
DA:4,1
DA:5,1
DA:16,1
DA:19,1
DA:20,1
DA:21,1
DA:31,1
DA:35,2
DA:36,2
DA:37,1
LF:13
LH:13
BRDA:19,0,0,1
BRDA:36,1,0,1
BRDA:36,1,1,1
BRDA:36,2,0,2
BRDA:36,2,1,2
BRF:5
BRH:5
end_of_record
TN:
SF:src/utils/suma.ts
FN:1,suma
FNF:1
FNH:1
FNDA:4,suma
DA:1,1
DA:3,4
DA:4,2
DA:7,2
LF:4
LH:4
BRDA:3,0,0,2
BRDA:3,0,1,2
BRDA:3,1,0,4
BRDA:3,1,1,3
BRDA:3,1,2,2
BRDA:3,1,3,2
BRF:6
BRH:6
end_of_record
